<?xml version="1.0" encoding="UTF-8"?>
<testsuite name="com.talent.GetMethodTest" tests="1" skipped="0" failures="0" errors="0" timestamp="2021-09-16T19:19:24" hostname="DESKTOP-BLSEN4K" time="5.346">
  <properties/>
  <testcase name="loginTest" classname="com.talent.GetMethodTest" time="5.346"/>
  <system-out><![CDATA[Request method:	POST
Request URI:	https://reqres.in/api/login
Proxy:			<none>
Request params:	<none>
Query params:	<none>
Form params:	<none>
Path params:	<none>
Headers:		Accept=*/*
				Content-Type=application/json
Cookies:		<none>
Multiparts:		<none>
Body:
{
    "email": "eve.holt@reqres.in",
    "password": "cityslicka"
}
HTTP/1.1 200 OK
Date: Thu, 16 Sep 2021 19:19:28 GMT
Content-Type: application/json; charset=utf-8
Content-Length: 29
Connection: keep-alive
x-powered-by: Express
access-control-allow-origin: *
etag: W/"1d-lGCrvD6B7Qzk11+2C98+nGhhuec"
via: 1.1 vegur
CF-Cache-Status: DYNAMIC
Expect-CT: max-age=604800, report-uri="https://report-uri.cloudflare.com/cdn-cgi/beacon/expect-ct"
Report-To: {"endpoints":[{"url":"https:\/\/a.nel.cloudflare.com\/report\/v3?s=HYNXBQEZ3hMiPiTNq8fOeUKArHoF2hrewOdqrewVmDPd93PrUWitfiexYJcWc%2BHoD3oLhJNAw5C2%2BVDYQcTYii45lFoROjFqqDAE56W%2BnNjMSwZLCpDv9X8p7E8%3D"}],"group":"cf-nel","max_age":604800}
NEL: {"success_fraction":0,"report_to":"cf-nel","max_age":604800}
Server: cloudflare
CF-RAY: 68fc724faa5b5000-LIM
alt-svc: h3=":443"; ma=86400, h3-29=":443"; ma=86400, h3-28=":443"; ma=86400, h3-27=":443"; ma=86400

{
    "token": "QpwL5tke4Pnpja7X4"
}
{"token":"QpwL5tke4Pnpja7X4"}
]]></system-out>
  <system-err><![CDATA[]]></system-err>
</testsuite>
